<?xml version="1.0" encoding="UTF-8"?>
<testng-results ignored="0" total="3" passed="3" failed="0" skipped="0">
  <reporter-output>
  </reporter-output>
  <suite started-at="2023-11-13T15:21:41 EST" name="Suite1" finished-at="2023-11-13T15:21:41 EST" duration-ms="142">
    <groups>
    </groups>
    <test started-at="2023-11-13T15:21:41 EST" name="SanityTest" finished-at="2023-11-13T15:21:41 EST" duration-ms="142">
      <class name="testSuite1.Module1">
        <test-method signature="test001()[pri:0, instance:testSuite1.Module1@c88a337]" started-at="2023-11-13T15:21:41 EST" name="test001" finished-at="2023-11-13T15:21:41 EST" duration-ms="12" status="PASS">
          <reporter-output>
          </reporter-output>
        </test-method> <!-- test001 -->
      </class> <!-- testSuite1.Module1 -->
      <class name="testSuite1.Module2">
        <test-method signature="test001()[pri:0, instance:testSuite1.Module2@316bcf94]" started-at="2023-11-13T15:21:41 EST" name="test001" finished-at="2023-11-13T15:21:41 EST" duration-ms="4" status="PASS">
          <reporter-output>
          </reporter-output>
        </test-method> <!-- test001 -->
        <test-method signature="test002()[pri:0, instance:testSuite1.Module2@316bcf94]" started-at="2023-11-13T15:21:41 EST" name="test002" finished-at="2023-11-13T15:21:41 EST" duration-ms="9" status="PASS">
          <reporter-output>
          </reporter-output>
        </test-method> <!-- test002 -->
      </class> <!-- testSuite1.Module2 -->
    </test> <!-- SanityTest -->
  </suite> <!-- Suite1 -->
</testng-results>
