<?xml version="1.0" encoding="UTF-8"?>
<!-- Generated by org.testng.reporters.JUnitXMLReporter -->
<testsuite ignored="3" hostname="Anjus-Air" failures="0" tests="3" name="SanityTest" time="0.142" errors="0" timestamp="2023-11-13T15:21:41 EST">
  <testcase classname="testSuite1.Module1" name="test001" time="0.012"/>
  <testcase classname="testSuite1.Module2" name="test001" time="0.004"/>
  <testcase classname="testSuite1.Module2" name="test002" time="0.009"/>
  <testcase classname="testSuite1.Module1" name="test002" time="0.0">
    <ignored/>
  </testcase> <!-- test002 -->
  <testcase classname="testSuite1.Module2" name="test003" time="0.0">
    <ignored/>
  </testcase> <!-- test003 -->
  <testcase classname="testSuite1.Module1" name="test003" time="0.0">
    <ignored/>
  </testcase> <!-- test003 -->
</testsuite> <!-- SanityTest -->
