<?xml version="1.0" encoding="UTF-8"?>
<!-- Generated by org.testng.reporters.JUnitXMLReporter -->
<testsuite ignored="0" hostname="Anjus-Air" failures="0" tests="3" name="Default test" time="0.158" errors="0" timestamp="2023-11-13T15:03:45 EST">
  <testcase classname="testSuite1.Module2" name="test001" time="0.013"/>
  <testcase classname="testSuite1.Module2" name="test002" time="0.006"/>
  <testcase classname="testSuite1.Module2" name="test003" time="0.003"/>
</testsuite> <!-- Default test -->
